<?xml version="1.0" encoding="UTF-8"?>
<!-- Generated by org.testng.reporters.JUnitXMLReporter -->
<testsuite ignored="0" hostname="U84242158" failures="2" tests="3" name="FirefoxTest" time="68.083" errors="0" timestamp="2023-07-18T03:51:16 TRT">
  <testcase classname="com.findeks.kkb.test.FindeksTest" name="KNOWN_FAIL_SCENARIO_only_password_filled" time="0.669">
    <failure type="java.lang.AssertionError" message="null">
      <![CDATA[java.lang.AssertionError: null
at com.findeks.kkb.base.BasePage.assertFail(BasePage.java:88)
at com.findeks.kkb.base.StepImplementations.click(StepImplementations.java:22)
at com.findeks.kkb.test.FindeksTest.KNOWN_FAIL_SCENARIO_only_password_filled(FindeksTest.java:57)
at java.base/java.util.concurrent.ThreadPoolExecutor.runWorker(ThreadPoolExecutor.java:1128)
at java.base/java.util.concurrent.ThreadPoolExecutor$Worker.run(ThreadPoolExecutor.java:628)
at java.base/java.lang.Thread.run(Thread.java:829)
... Removed 14 stack frames]]>
    </failure>
  </testcase> <!-- KNOWN_FAIL_SCENARIO_only_password_filled -->
  <testcase classname="com.findeks.kkb.test.FindeksTest" name="all_input_areas_empty" time="8.285">
    <failure type="java.lang.AssertionError" message="null">
      <![CDATA[java.lang.AssertionError: null
at com.findeks.kkb.base.BasePage.assertFail(BasePage.java:88)
at com.findeks.kkb.base.StepImplementations.click(StepImplementations.java:22)
at com.findeks.kkb.test.FindeksTest.all_input_areas_empty(FindeksTest.java:16)
at java.base/java.util.concurrent.ThreadPoolExecutor.runWorker(ThreadPoolExecutor.java:1128)
at java.base/java.util.concurrent.ThreadPoolExecutor$Worker.run(ThreadPoolExecutor.java:628)
at java.base/java.lang.Thread.run(Thread.java:829)
... Removed 14 stack frames]]>
    </failure>
  </testcase> <!-- all_input_areas_empty -->
  <testcase classname="com.findeks.kkb.test.FindeksTest" name="only_tax_id_filled" time="9.753"/>
</testsuite> <!-- FirefoxTest -->
