<?xml version="1.0" encoding="UTF-8"?>
<testng-results ignored="0" total="5" passed="4" failed="1" skipped="0">
  <reporter-output>
  </reporter-output>
  <suite started-at="2023-07-18T01:57:59 TRT" name="Single Thread Test" finished-at="2023-07-18T02:00:00 TRT" duration-ms="121306">
    <groups>
    </groups>
    <test started-at="2023-07-18T01:57:59 TRT" name="FirefoxTest" finished-at="2023-07-18T02:00:00 TRT" duration-ms="121306">
      <class name="com.findeks.kkb.test.FindeksTest">
        <test-method is-config="true" signature="before(java.lang.String)[pri:0, instance:com.findeks.kkb.test.FindeksTest@60099951]" started-at="2023-07-18T01:58:01 TRT" name="before" finished-at="2023-07-18T01:58:17 TRT" duration-ms="15836" status="PASS">
          <params>
            <param index="0">
              <value>
                <![CDATA[firefox]]>
              </value>
            </param>
          </params>
          <reporter-output>
          </reporter-output>
        </test-method> <!-- before -->
        <test-method signature="KNOWN_FAIL_SCENARIO_only_password_filled()[pri:0, instance:com.findeks.kkb.test.FindeksTest@60099951]" started-at="2023-07-18T01:58:17 TRT" name="KNOWN_FAIL_SCENARIO_only_password_filled" finished-at="2023-07-18T01:58:23 TRT" duration-ms="5936" status="FAIL">
          <exception class="java.lang.AssertionError">
            <message>
              <![CDATA[expected [true] but found [false]]]>
            </message>
            <full-stacktrace>
              <![CDATA[java.lang.AssertionError: expected [true] but found [false]
at org.testng.Assert.fail(Assert.java:110)
at org.testng.Assert.failNotEquals(Assert.java:1413)
at org.testng.Assert.assertTrue(Assert.java:56)
at org.testng.Assert.assertTrue(Assert.java:66)
at com.findeks.kkb.base.BasePage.assertEquals(BasePage.java:88)
at com.findeks.kkb.base.StepImplementations.verifyColor(StepImplementations.java:69)
at com.findeks.kkb.test.FindeksTest.KNOWN_FAIL_SCENARIO_only_password_filled(FindeksTest.java:73)
at java.base/jdk.internal.reflect.NativeMethodAccessorImpl.invoke0(Native Method)
at java.base/jdk.internal.reflect.NativeMethodAccessorImpl.invoke(NativeMethodAccessorImpl.java:62)
at java.base/jdk.internal.reflect.DelegatingMethodAccessorImpl.invoke(DelegatingMethodAccessorImpl.java:43)
at java.base/java.lang.reflect.Method.invoke(Method.java:566)
at org.testng.internal.invokers.MethodInvocationHelper.invokeMethod(MethodInvocationHelper.java:135)
at org.testng.internal.invokers.TestInvoker.invokeMethod(TestInvoker.java:673)
at org.testng.internal.invokers.TestInvoker.invokeTestMethod(TestInvoker.java:220)
at org.testng.internal.invokers.MethodRunner.runInSequence(MethodRunner.java:50)
at org.testng.internal.invokers.TestInvoker$MethodInvocationAgent.invoke(TestInvoker.java:945)
at org.testng.internal.invokers.TestInvoker.invokeTestMethods(TestInvoker.java:193)
at org.testng.internal.invokers.TestMethodWorker.invokeTestMethods(TestMethodWorker.java:146)
at org.testng.internal.invokers.TestMethodWorker.run(TestMethodWorker.java:128)
at java.base/java.util.ArrayList.forEach(ArrayList.java:1541)
at org.testng.TestRunner.privateRun(TestRunner.java:808)
at org.testng.TestRunner.run(TestRunner.java:603)
at org.testng.SuiteRunner.runTest(SuiteRunner.java:429)
at org.testng.SuiteRunner.runSequentially(SuiteRunner.java:423)
at org.testng.SuiteRunner.privateRun(SuiteRunner.java:383)
at org.testng.SuiteRunner.run(SuiteRunner.java:326)
at org.testng.SuiteRunnerWorker.runSuite(SuiteRunnerWorker.java:52)
at org.testng.SuiteRunnerWorker.run(SuiteRunnerWorker.java:95)
at org.testng.TestNG.runSuitesSequentially(TestNG.java:1249)
at org.testng.TestNG.runSuitesLocally(TestNG.java:1169)
at org.testng.TestNG.runSuites(TestNG.java:1092)
at org.testng.TestNG.run(TestNG.java:1060)
at org.apache.maven.surefire.testng.TestNGExecutor.run(TestNGExecutor.java:308)
at org.apache.maven.surefire.testng.TestNGXmlTestSuite.execute(TestNGXmlTestSuite.java:71)
at org.apache.maven.surefire.testng.TestNGProvider.invoke(TestNGProvider.java:113)
at org.apache.maven.surefire.booter.ForkedBooter.runSuitesInProcess(ForkedBooter.java:385)
at org.apache.maven.surefire.booter.ForkedBooter.execute(ForkedBooter.java:162)
at org.apache.maven.surefire.booter.ForkedBooter.run(ForkedBooter.java:507)
at org.apache.maven.surefire.booter.ForkedBooter.main(ForkedBooter.java:495)
]]>
            </full-stacktrace>
          </exception> <!-- java.lang.AssertionError -->
          <reporter-output>
          </reporter-output>
        </test-method> <!-- KNOWN_FAIL_SCENARIO_only_password_filled -->
        <test-method is-config="true" signature="after()[pri:0, instance:com.findeks.kkb.test.FindeksTest@60099951]" started-at="2023-07-18T01:58:23 TRT" name="after" finished-at="2023-07-18T01:58:26 TRT" duration-ms="2791" status="PASS">
          <reporter-output>
          </reporter-output>
        </test-method> <!-- after -->
        <test-method is-config="true" signature="before(java.lang.String)[pri:0, instance:com.findeks.kkb.test.FindeksTest@60099951]" started-at="2023-07-18T01:58:26 TRT" name="before" finished-at="2023-07-18T01:58:35 TRT" duration-ms="8868" status="PASS">
          <params>
            <param index="0">
              <value>
                <![CDATA[firefox]]>
              </value>
            </param>
          </params>
          <reporter-output>
          </reporter-output>
        </test-method> <!-- before -->
        <test-method signature="all_areas_filled()[pri:0, instance:com.findeks.kkb.test.FindeksTest@60099951]" started-at="2023-07-18T01:58:35 TRT" name="all_areas_filled" finished-at="2023-07-18T01:58:43 TRT" duration-ms="7956" status="PASS">
          <reporter-output>
          </reporter-output>
        </test-method> <!-- all_areas_filled -->
        <test-method is-config="true" signature="after()[pri:0, instance:com.findeks.kkb.test.FindeksTest@60099951]" started-at="2023-07-18T01:58:43 TRT" name="after" finished-at="2023-07-18T01:58:46 TRT" duration-ms="2929" status="PASS">
          <reporter-output>
          </reporter-output>
        </test-method> <!-- after -->
        <test-method is-config="true" signature="before(java.lang.String)[pri:0, instance:com.findeks.kkb.test.FindeksTest@60099951]" started-at="2023-07-18T01:58:46 TRT" name="before" finished-at="2023-07-18T01:58:54 TRT" duration-ms="8807" status="PASS">
          <params>
            <param index="0">
              <value>
                <![CDATA[firefox]]>
              </value>
            </param>
          </params>
          <reporter-output>
          </reporter-output>
        </test-method> <!-- before -->
        <test-method signature="all_input_areas_empty()[pri:0, instance:com.findeks.kkb.test.FindeksTest@60099951]" started-at="2023-07-18T01:58:54 TRT" name="all_input_areas_empty" finished-at="2023-07-18T01:59:00 TRT" duration-ms="6131" status="PASS">
          <reporter-output>
          </reporter-output>
        </test-method> <!-- all_input_areas_empty -->
        <test-method is-config="true" signature="after()[pri:0, instance:com.findeks.kkb.test.FindeksTest@60099951]" started-at="2023-07-18T01:59:00 TRT" name="after" finished-at="2023-07-18T01:59:05 TRT" duration-ms="4632" status="PASS">
          <reporter-output>
          </reporter-output>
        </test-method> <!-- after -->
        <test-method is-config="true" signature="before(java.lang.String)[pri:0, instance:com.findeks.kkb.test.FindeksTest@60099951]" started-at="2023-07-18T01:59:05 TRT" name="before" finished-at="2023-07-18T01:59:20 TRT" duration-ms="14922" status="PASS">
          <params>
            <param index="0">
              <value>
                <![CDATA[firefox]]>
              </value>
            </param>
          </params>
          <reporter-output>
          </reporter-output>
        </test-method> <!-- before -->
        <test-method signature="only_id_filled()[pri:0, instance:com.findeks.kkb.test.FindeksTest@60099951]" started-at="2023-07-18T01:59:20 TRT" name="only_id_filled" finished-at="2023-07-18T01:59:35 TRT" duration-ms="14585" status="PASS">
          <reporter-output>
          </reporter-output>
        </test-method> <!-- only_id_filled -->
        <test-method is-config="true" signature="after()[pri:0, instance:com.findeks.kkb.test.FindeksTest@60099951]" started-at="2023-07-18T01:59:35 TRT" name="after" finished-at="2023-07-18T01:59:38 TRT" duration-ms="3024" status="PASS">
          <reporter-output>
          </reporter-output>
        </test-method> <!-- after -->
        <test-method is-config="true" signature="before(java.lang.String)[pri:0, instance:com.findeks.kkb.test.FindeksTest@60099951]" started-at="2023-07-18T01:59:38 TRT" name="before" finished-at="2023-07-18T01:59:47 TRT" duration-ms="9305" status="PASS">
          <params>
            <param index="0">
              <value>
                <![CDATA[firefox]]>
              </value>
            </param>
          </params>
          <reporter-output>
          </reporter-output>
        </test-method> <!-- before -->
        <test-method signature="only_tax_id_filled()[pri:0, instance:com.findeks.kkb.test.FindeksTest@60099951]" started-at="2023-07-18T01:59:47 TRT" name="only_tax_id_filled" finished-at="2023-07-18T01:59:58 TRT" duration-ms="10643" status="PASS">
          <reporter-output>
          </reporter-output>
        </test-method> <!-- only_tax_id_filled -->
        <test-method is-config="true" signature="after()[pri:0, instance:com.findeks.kkb.test.FindeksTest@60099951]" started-at="2023-07-18T01:59:58 TRT" name="after" finished-at="2023-07-18T02:00:00 TRT" duration-ms="2745" status="PASS">
          <reporter-output>
          </reporter-output>
        </test-method> <!-- after -->
      </class> <!-- com.findeks.kkb.test.FindeksTest -->
    </test> <!-- FirefoxTest -->
  </suite> <!-- Single Thread Test -->
</testng-results>
