<?xml version="1.0" encoding="UTF-8"?>
<testsuite xmlns:xsi="http://www.w3.org/2001/XMLSchema-instance" xsi:noNamespaceSchemaLocation="https://maven.apache.org/surefire/maven-surefire-plugin/xsd/surefire-test-report-3.0.xsd" version="3.0" name="TestSuite" time="126.137" tests="5" errors="0" skipped="0" failures="1">
  <properties>
[...]
</properties>
  <testcase name="KNOWN_FAIL_SCENARIO_only_password_filled" classname="com.findeks.kkb.test.FindeksTest" time="6.361">
    <failure message="expected [true] but found [false]" type="java.lang.AssertionError"><![CDATA[java.lang.AssertionError: expected [true] but found [false]
	at org.testng.Assert.fail(Assert.java:110)
	at org.testng.Assert.failNotEquals(Assert.java:1413)
	at org.testng.Assert.assertTrue(Assert.java:56)
	at org.testng.Assert.assertTrue(Assert.java:66)
	at com.findeks.kkb.base.BasePage.assertEquals(BasePage.java:88)
	at com.findeks.kkb.base.StepImplementations.verifyColor(StepImplementations.java:69)
	at com.findeks.kkb.test.FindeksTest.KNOWN_FAIL_SCENARIO_only_password_filled(FindeksTest.java:73)
	at java.base/jdk.internal.reflect.NativeMethodAccessorImpl.invoke0(Native Method)
	at java.base/jdk.internal.reflect.NativeMethodAccessorImpl.invoke(NativeMethodAccessorImpl.java:62)
	at java.base/jdk.internal.reflect.DelegatingMethodAccessorImpl.invoke(DelegatingMethodAccessorImpl.java:43)
	at java.base/java.lang.reflect.Method.invoke(Method.java:566)
	at org.testng.internal.invokers.MethodInvocationHelper.invokeMethod(MethodInvocationHelper.java:135)
	at org.testng.internal.invokers.TestInvoker.invokeMethod(TestInvoker.java:673)
	at org.testng.internal.invokers.TestInvoker.invokeTestMethod(TestInvoker.java:220)
	at org.testng.internal.invokers.MethodRunner.runInSequence(MethodRunner.java:50)
	at org.testng.internal.invokers.TestInvoker$MethodInvocationAgent.invoke(TestInvoker.java:945)
	at org.testng.internal.invokers.TestInvoker.invokeTestMethods(TestInvoker.java:193)
	at org.testng.internal.invokers.TestMethodWorker.invokeTestMethods(TestMethodWorker.java:146)
	at org.testng.internal.invokers.TestMethodWorker.run(TestMethodWorker.java:128)
	at java.base/java.util.ArrayList.forEach(ArrayList.java:1541)
	at org.testng.TestRunner.privateRun(TestRunner.java:808)
	at org.testng.TestRunner.run(TestRunner.java:603)
	at org.testng.SuiteRunner.runTest(SuiteRunner.java:429)
	at org.testng.SuiteRunner.runSequentially(SuiteRunner.java:423)
	at org.testng.SuiteRunner.privateRun(SuiteRunner.java:383)
	at org.testng.SuiteRunner.run(SuiteRunner.java:326)
	at org.testng.SuiteRunnerWorker.runSuite(SuiteRunnerWorker.java:52)
	at org.testng.SuiteRunnerWorker.run(SuiteRunnerWorker.java:95)
	at org.testng.TestNG.runSuitesSequentially(TestNG.java:1249)
	at org.testng.TestNG.runSuitesLocally(TestNG.java:1169)
	at org.testng.TestNG.runSuites(TestNG.java:1092)
	at org.testng.TestNG.run(TestNG.java:1060)
	at org.apache.maven.surefire.testng.TestNGExecutor.run(TestNGExecutor.java:308)
	at org.apache.maven.surefire.testng.TestNGXmlTestSuite.execute(TestNGXmlTestSuite.java:71)
	at org.apache.maven.surefire.testng.TestNGProvider.invoke(TestNGProvider.java:113)
	at org.apache.maven.surefire.booter.ForkedBooter.runSuitesInProcess(ForkedBooter.java:385)
	at org.apache.maven.surefire.booter.ForkedBooter.execute(ForkedBooter.java:162)
	at org.apache.maven.surefire.booter.ForkedBooter.run(ForkedBooter.java:507)
	at org.apache.maven.surefire.booter.ForkedBooter.main(ForkedBooter.java:495)
]]></failure>
    <system-err><![CDATA[SLF4J: Failed to load class "org.slf4j.impl.StaticLoggerBinder".
SLF4J: Defaulting to no-operation (NOP) logger implementation
SLF4J: See http://www.slf4j.org/codes.html#StaticLoggerBinder for further details.
1689634684583	geckodriver	INFO	Listening on 127.0.0.1:24280
1689634686970	mozrunner::runner	INFO	Running command: "C:\\Program Files\\Mozilla Firefox\\firefox.exe" "--marionette" "--disable-notifications" "--remote-debuggi ... alhost:38233/,http://[::1]:38233/" "-no-remote" "-profile" "C:\\Users\\U00670~1\\AppData\\Local\\Temp\\rust_mozprofileJ9v4PP"
console.warn: services.settings: Ignoring preference override of remote settings server
console.warn: services.settings: Allow by setting MOZ_REMOTE_SETTINGS_DEVTOOLS=1 in the environment
1689634688740	Marionette	INFO	Marionette enabled
Dynamically enable window occlusion 0
console.error: "Warning: unrecognized command line flag -disable-notifications\n"
1689634689036	Marionette	INFO	Listening on port 59772
Read port: 59772
WebDriver BiDi listening on ws://127.0.0.1:38233
1689634689378	RemoteAgent	WARN	TLS certificate errors will be ignored for this session
DevTools listening on ws://127.0.0.1:38233/devtools/browser/f2e34cf2-e6fe-4f71-9256-8bf5aedcdf01
JavaScript error: https://findeks.com/assets/js/site.min.js?v=2a5rNQ_OKHdvwkIm_zVAAYxo7KY, line 28: ReferenceError: MemberDetail is not defined
JavaScript error: https://findeks.com/assets/js/site.min.js?v=2a5rNQ_OKHdvwkIm_zVAAYxo7KY, line 8: TypeError: document.getElementById(...) is null
JavaScript warning: https://isube.findeks.com/ers/resources/script/ers.js, line 161: unreachable code after return statement
console.error: ({})
console.warn: LoginRecipes: "Falling back to a synchronous message for: https://isube.findeks.com."
]]></system-err>
  </testcase>
  <testcase name="all_areas_filled" classname="com.findeks.kkb.test.FindeksTest" time="7.956">
    <system-err><![CDATA[1689634703534	RemoteAgent	INFO	Perform WebSocket upgrade for incoming connection from 127.0.0.1:59849
1689634703542	CDP	WARN	Invalid browser preferences for CDP. Set "fission.webContentIsolationStrategy"to 0 and "fission.bfcacheInParent" to false before Firefox starts.
1689634703683	Marionette	INFO	Stopped listening on port 59772
Dynamically enable window occlusion 1
1689634706459	geckodriver	INFO	Listening on 127.0.0.1:12317
1689634706992	mozrunner::runner	INFO	Running command: "C:\\Program Files\\Mozilla Firefox\\firefox.exe" "--marionette" "--disable-notifications" "--remote-debuggi ... alhost:43699/,http://[::1]:43699/" "-no-remote" "-profile" "C:\\Users\\U00670~1\\AppData\\Local\\Temp\\rust_mozprofileAxqfFM"
console.warn: services.settings: Ignoring preference override of remote settings server
console.warn: services.settings: Allow by setting MOZ_REMOTE_SETTINGS_DEVTOOLS=1 in the environment
1689634707818	Marionette	INFO	Marionette enabled
Dynamically enable window occlusion 0
console.error: "Warning: unrecognized command line flag -disable-notifications\n"
1689634707988	Marionette	INFO	Listening on port 59856
WebDriver BiDi listening on ws://127.0.0.1:43699
Read port: 59856
1689634708541	RemoteAgent	WARN	TLS certificate errors will be ignored for this session
DevTools listening on ws://127.0.0.1:43699/devtools/browser/d730dd8c-a894-493f-b303-1661bffebf31
JavaScript error: https://findeks.com/assets/js/site.min.js?v=2a5rNQ_OKHdvwkIm_zVAAYxo7KY, line 28: ReferenceError: MemberDetail is not defined
JavaScript error: https://findeks.com/assets/js/site.min.js?v=2a5rNQ_OKHdvwkIm_zVAAYxo7KY, line 8: TypeError: document.getElementById(...) is null
JavaScript warning: https://isube.findeks.com/ers/resources/script/ers.js, line 161: unreachable code after return statement
console.error: ({})
console.warn: LoginRecipes: "Falling back to a synchronous message for: https://isube.findeks.com."
]]></system-err>
  </testcase>
  <testcase name="all_input_areas_empty" classname="com.findeks.kkb.test.FindeksTest" time="6.132">
    <system-err><![CDATA[1689634723120	RemoteAgent	INFO	Perform WebSocket upgrade for incoming connection from 127.0.0.1:59942
1689634723128	CDP	WARN	Invalid browser preferences for CDP. Set "fission.webContentIsolationStrategy"to 0 and "fission.bfcacheInParent" to false before Firefox starts.
1689634723142	Marionette	INFO	Stopped listening on port 59856
Dynamically enable window occlusion 1
1689634726222	geckodriver	INFO	Listening on 127.0.0.1:11002
1689634726756	mozrunner::runner	INFO	Running command: "C:\\Program Files\\Mozilla Firefox\\firefox.exe" "--marionette" "--disable-notifications" "--remote-debuggi ... alhost:23726/,http://[::1]:23726/" "-no-remote" "-profile" "C:\\Users\\U00670~1\\AppData\\Local\\Temp\\rust_mozprofileNapcqG"
console.warn: services.settings: Ignoring preference override of remote settings server
console.warn: services.settings: Allow by setting MOZ_REMOTE_SETTINGS_DEVTOOLS=1 in the environment
1689634727595	Marionette	INFO	Marionette enabled
Dynamically enable window occlusion 0
console.error: "Warning: unrecognized command line flag -disable-notifications\n"
1689634727777	Marionette	INFO	Listening on port 59951
WebDriver BiDi listening on ws://127.0.0.1:23726
Read port: 59951
1689634728260	RemoteAgent	WARN	TLS certificate errors will be ignored for this session
DevTools listening on ws://127.0.0.1:23726/devtools/browser/b9002307-5e7f-4db6-8faf-b5332b3eccf1
JavaScript error: https://findeks.com/assets/js/site.min.js?v=2a5rNQ_OKHdvwkIm_zVAAYxo7KY, line 28: ReferenceError: MemberDetail is not defined
JavaScript error: https://findeks.com/assets/js/site.min.js?v=2a5rNQ_OKHdvwkIm_zVAAYxo7KY, line 8: TypeError: document.getElementById(...) is null
JavaScript warning: https://isube.findeks.com/ers/resources/script/ers.js, line 161: unreachable code after return statement
console.error: ({})
console.warn: LoginRecipes: "Falling back to a synchronous message for: https://isube.findeks.com."
]]></system-err>
  </testcase>
  <testcase name="only_id_filled" classname="com.findeks.kkb.test.FindeksTest" time="14.585">
    <system-err><![CDATA[1689634740998	RemoteAgent	INFO	Perform WebSocket upgrade for incoming connection from 127.0.0.1:60014
1689634741011	CDP	WARN	Invalid browser preferences for CDP. Set "fission.webContentIsolationStrategy"to 0 and "fission.bfcacheInParent" to false before Firefox starts.
1689634741045	Marionette	INFO	Stopped listening on port 59951
Dynamically enable window occlusion 1
1689634745829	geckodriver	INFO	Listening on 127.0.0.1:44146
1689634746477	mozrunner::runner	INFO	Running command: "C:\\Program Files\\Mozilla Firefox\\firefox.exe" "--marionette" "--disable-notifications" "--remote-debuggi ... alhost:29071/,http://[::1]:29071/" "-no-remote" "-profile" "C:\\Users\\U00670~1\\AppData\\Local\\Temp\\rust_mozprofileUlWlnJ"
console.warn: services.settings: Ignoring preference override of remote settings server
console.warn: services.settings: Allow by setting MOZ_REMOTE_SETTINGS_DEVTOOLS=1 in the environment
1689634747572	Marionette	INFO	Marionette enabled
Dynamically enable window occlusion 0
console.error: "Warning: unrecognized command line flag -disable-notifications\n"
1689634747829	Marionette	INFO	Listening on port 60023
Read port: 60023
WebDriver BiDi listening on ws://127.0.0.1:29071
1689634748401	RemoteAgent	WARN	TLS certificate errors will be ignored for this session
DevTools listening on ws://127.0.0.1:29071/devtools/browser/40b23d27-91fc-4ab4-a980-c688ae1bf307
JavaScript error: https://findeks.com/assets/js/site.min.js?v=2a5rNQ_OKHdvwkIm_zVAAYxo7KY, line 28: ReferenceError: MemberDetail is not defined
JavaScript error: https://findeks.com/assets/js/site.min.js?v=2a5rNQ_OKHdvwkIm_zVAAYxo7KY, line 8: TypeError: document.getElementById(...) is null
JavaScript warning: https://isube.findeks.com/ers/resources/script/ers.js, line 161: unreachable code after return statement
console.error: ({})
console.warn: LoginRecipes: "Falling back to a synchronous message for: https://isube.findeks.com."
]]></system-err>
  </testcase>
  <testcase name="only_tax_id_filled" classname="com.findeks.kkb.test.FindeksTest" time="10.643">
    <system-err><![CDATA[1689634775128	RemoteAgent	INFO	Perform WebSocket upgrade for incoming connection from 127.0.0.1:60106
1689634775135	CDP	WARN	Invalid browser preferences for CDP. Set "fission.webContentIsolationStrategy"to 0 and "fission.bfcacheInParent" to false before Firefox starts.
1689634775152	Marionette	INFO	Stopped listening on port 60023
Dynamically enable window occlusion 1
1689634778416	geckodriver	INFO	Listening on 127.0.0.1:1526
1689634778928	mozrunner::runner	INFO	Running command: "C:\\Program Files\\Mozilla Firefox\\firefox.exe" "--marionette" "--disable-notifications" "--remote-debuggi ... alhost:34316/,http://[::1]:34316/" "-no-remote" "-profile" "C:\\Users\\U00670~1\\AppData\\Local\\Temp\\rust_mozprofileH1f9nL"
console.warn: services.settings: Ignoring preference override of remote settings server
console.warn: services.settings: Allow by setting MOZ_REMOTE_SETTINGS_DEVTOOLS=1 in the environment
1689634779881	Marionette	INFO	Marionette enabled
Dynamically enable window occlusion 0
console.error: "Warning: unrecognized command line flag -disable-notifications\n"
1689634780078	Marionette	INFO	Listening on port 60114
Read port: 60114
WebDriver BiDi listening on ws://127.0.0.1:34316
1689634780332	RemoteAgent	WARN	TLS certificate errors will be ignored for this session
DevTools listening on ws://127.0.0.1:34316/devtools/browser/1677a525-ea24-4150-9508-29cacd0a606a
JavaScript error: https://findeks.com/assets/js/site.min.js?v=2a5rNQ_OKHdvwkIm_zVAAYxo7KY, line 28: ReferenceError: MemberDetail is not defined
JavaScript error: https://findeks.com/assets/js/site.min.js?v=2a5rNQ_OKHdvwkIm_zVAAYxo7KY, line 8: TypeError: document.getElementById(...) is null
JavaScript warning: https://isube.findeks.com/ers/resources/script/ers.js, line 161: unreachable code after return statement
console.error: ({})
console.warn: LoginRecipes: "Falling back to a synchronous message for: https://isube.findeks.com."
]]></system-err>
  </testcase>
</testsuite>